<?xml version="1.0" encoding="UTF-8"?>
<testng-results ignored="0" total="1" passed="1" failed="0" skipped="0">
  <reporter-output>
  </reporter-output>
  <suite started-at="2022-06-24T18:42:29 IST" name="Default suite" finished-at="2022-06-24T18:42:49 IST" duration-ms="20361">
    <groups>
    </groups>
    <test started-at="2022-06-24T18:42:29 IST" name="Default test" finished-at="2022-06-24T18:42:49 IST" duration-ms="20361">
      <class name="com.Test.Test_001">
        <test-method is-config="true" signature="setup()[pri:0, instance:com.Test.Test_001@6e4784bc]" started-at="2022-06-24T18:42:29 IST" name="setup" finished-at="2022-06-24T18:42:48 IST" duration-ms="18845" status="PASS">
          <reporter-output>
          </reporter-output>
        </test-method> <!-- setup -->
        <test-method signature="test_01()[pri:0, instance:com.Test.Test_001@6e4784bc]" started-at="2022-06-24T18:42:48 IST" name="test_01" finished-at="2022-06-24T18:42:49 IST" duration-ms="671" status="PASS">
          <reporter-output>
          </reporter-output>
        </test-method> <!-- test_01 -->
        <test-method is-config="true" signature="teadDown()[pri:0, instance:com.Test.Test_001@6e4784bc]" started-at="2022-06-24T18:42:49 IST" name="teadDown" finished-at="2022-06-24T18:42:49 IST" duration-ms="776" status="PASS">
          <reporter-output>
          </reporter-output>
        </test-method> <!-- teadDown -->
      </class> <!-- com.Test.Test_001 -->
    </test> <!-- Default test -->
  </suite> <!-- Default suite -->
</testng-results>
